<?xml version="1.0" encoding="UTF-8"?>
<!-- Generated by org.testng.reporters.JUnitXMLReporter -->
<testsuite ignored="0" hostname="GOSHRIVA-IN" failures="0" tests="3" name="Surefire test" time="0.032" errors="0" timestamp="04 Jan 2020 01:40:38 GMT">
  <testcase classname="com.qa.test.testngclass" name="Create" time="0.005"/>
  <testcase classname="com.qa.test.testngclass" name="Login" time="0.0"/>
  <testcase classname="com.qa.test.testngclass" name="Logout" time="0.001"/>
</testsuite> <!-- Surefire test -->
