<?xml version="1.0" encoding="UTF-8"?>
<!-- Generated by org.testng.reporters.JUnitXMLReporter -->
<testsuite hostname="GOSHRIVA-IN" ignored="0" name="Default test" tests="3" failures="0" timestamp="03 Jan 2020 03:05:08 GMT" time="0.05" errors="0">
  <testcase name="Create" time="0.014" classname="com.qa.test.testngclass"/>
  <testcase name="Login" time="0.001" classname="com.qa.test.testngclass"/>
  <testcase name="Logout" time="0.001" classname="com.qa.test.testngclass"/>
</testsuite> <!-- Default test -->
