<?xml version="1.0" encoding="UTF-8"?>
<testng-results ignored="0" total="3" passed="3" failed="0" skipped="0">
  <reporter-output>
  </reporter-output>
  <suite started-at="2020-01-04T01:40:38Z" name="Surefire suite" finished-at="2020-01-04T01:40:38Z" duration-ms="32">
    <groups>
    </groups>
    <test started-at="2020-01-04T01:40:38Z" name="Surefire test" finished-at="2020-01-04T01:40:38Z" duration-ms="32">
      <class name="com.qa.test.testngclass">
        <test-method signature="Create()[pri:0, instance:com.qa.test.testngclass@35cabb2a]" started-at="2020-01-04T01:40:38Z" name="Create" finished-at="2020-01-04T01:40:38Z" duration-ms="5" status="PASS">
          <reporter-output>
          </reporter-output>
        </test-method> <!-- Create -->
        <test-method signature="Login()[pri:0, instance:com.qa.test.testngclass@35cabb2a]" started-at="2020-01-04T01:40:38Z" name="Login" finished-at="2020-01-04T01:40:38Z" duration-ms="0" status="PASS">
          <reporter-output>
          </reporter-output>
        </test-method> <!-- Login -->
        <test-method signature="Logout()[pri:0, instance:com.qa.test.testngclass@35cabb2a]" started-at="2020-01-04T01:40:38Z" name="Logout" finished-at="2020-01-04T01:40:38Z" duration-ms="1" status="PASS">
          <reporter-output>
          </reporter-output>
        </test-method> <!-- Logout -->
      </class> <!-- com.qa.test.testngclass -->
    </test> <!-- Surefire test -->
  </suite> <!-- Surefire suite -->
</testng-results>
