<?xml version="1.0" encoding="UTF-8"?>
<testng-results skipped="0" failed="0" ignored="0" total="3" passed="3">
  <reporter-output>
  </reporter-output>
  <suite name="Default suite" duration-ms="50" started-at="2020-01-03T03:05:08Z" finished-at="2020-01-03T03:05:08Z">
    <groups>
    </groups>
    <test name="Default test" duration-ms="50" started-at="2020-01-03T03:05:08Z" finished-at="2020-01-03T03:05:08Z">
      <class name="com.qa.test.testngclass">
        <test-method status="PASS" signature="Create()[pri:0, instance:com.qa.test.testngclass@687080dc]" name="Create" duration-ms="14" started-at="2020-01-03T03:05:08Z" finished-at="2020-01-03T03:05:08Z">
          <reporter-output>
          </reporter-output>
        </test-method> <!-- Create -->
        <test-method status="PASS" signature="Login()[pri:0, instance:com.qa.test.testngclass@687080dc]" name="Login" duration-ms="1" started-at="2020-01-03T03:05:08Z" finished-at="2020-01-03T03:05:08Z">
          <reporter-output>
          </reporter-output>
        </test-method> <!-- Login -->
        <test-method status="PASS" signature="Logout()[pri:0, instance:com.qa.test.testngclass@687080dc]" name="Logout" duration-ms="1" started-at="2020-01-03T03:05:08Z" finished-at="2020-01-03T03:05:08Z">
          <reporter-output>
          </reporter-output>
        </test-method> <!-- Logout -->
      </class> <!-- com.qa.test.testngclass -->
    </test> <!-- Default test -->
  </suite> <!-- Default suite -->
</testng-results>
